[0mGET / [32m200[0m 2206.355 ms - 11777[0m
[0mGET /users/signIn [36m304[0m 53.923 ms - -[0m
[0mPOST /users/signIn/create-session [36m302[0m 39.583 ms - 46[0m
[0mGET / [32m200[0m 47.886 ms - 15080[0m
[0mPOST /users/like-post [32m200[0m 69.474 ms - 91[0m
[0mPOST /users/like-post [32m200[0m 234.320 ms - 94[0m
[0mPOST /users/like-post [32m200[0m 14.476 ms - 94[0m
[0mPOST /users/like-post [32m200[0m 12.914 ms - 91[0m
::1 - - [21/May/2021:12:13:34 +0000] "GET / HTTP/1.1" 200 4172 "-" "Mozilla/5.0 (Windows NT 10.0; Win64; x64) AppleWebKit/537.36 (KHTML, like Gecko) Chrome/90.0.4430.212 Safari/537.36"
::ffff:127.0.0.1 - - [21/May/2021:12:14:38 +0000] "GET / HTTP/1.1" 304 - "-" "Mozilla/5.0 (Windows NT 10.0; Win64; x64) AppleWebKit/537.36 (KHTML, like Gecko) Chrome/90.0.4430.212 Safari/537.36"
::1 - - [21/May/2021:12:14:38 +0000] "GET /css/footer.css HTTP/1.1" 404 153 "http://localhost:200/" "Mozilla/5.0 (Windows NT 10.0; Win64; x64) AppleWebKit/537.36 (KHTML, like Gecko) Chrome/90.0.4430.212 Safari/537.36"
::ffff:127.0.0.1 - - [21/May/2021:12:14:38 +0000] "GET /css/layout.css HTTP/1.1" 404 153 "http://localhost:200/" "Mozilla/5.0 (Windows NT 10.0; Win64; x64) AppleWebKit/537.36 (KHTML, like Gecko) Chrome/90.0.4430.212 Safari/537.36"
::ffff:127.0.0.1 - - [21/May/2021:12:14:38 +0000] "GET /css/header.css HTTP/1.1" 404 153 "http://localhost:200/" "Mozilla/5.0 (Windows NT 10.0; Win64; x64) AppleWebKit/537.36 (KHTML, like Gecko) Chrome/90.0.4430.212 Safari/537.36"
::1 - - [21/May/2021:12:14:38 +0000] "GET /css/home.css HTTP/1.1" 404 151 "http://localhost:200/" "Mozilla/5.0 (Windows NT 10.0; Win64; x64) AppleWebKit/537.36 (KHTML, like Gecko) Chrome/90.0.4430.212 Safari/537.36"
::1 - - [21/May/2021:12:14:38 +0000] "GET /js/chatEngine.js HTTP/1.1" 404 155 "http://localhost:200/" "Mozilla/5.0 (Windows NT 10.0; Win64; x64) AppleWebKit/537.36 (KHTML, like Gecko) Chrome/90.0.4430.212 Safari/537.36"
::1 - - [21/May/2021:12:14:38 +0000] "GET /css/home.css HTTP/1.1" 404 151 "http://localhost:200/" "Mozilla/5.0 (Windows NT 10.0; Win64; x64) AppleWebKit/537.36 (KHTML, like Gecko) Chrome/90.0.4430.212 Safari/537.36"
::1 - - [21/May/2021:12:14:38 +0000] "GET /js/chatEngine.js HTTP/1.1" 404 155 "http://localhost:200/" "Mozilla/5.0 (Windows NT 10.0; Win64; x64) AppleWebKit/537.36 (KHTML, like Gecko) Chrome/90.0.4430.212 Safari/537.36"
::1 - - [21/May/2021:12:14:42 +0000] "GET /css/layout.css HTTP/1.1" 404 153 "http://localhost:200/" "Mozilla/5.0 (Windows NT 10.0; Win64; x64) AppleWebKit/537.36 (KHTML, like Gecko) Chrome/90.0.4430.212 Safari/537.36"
::1 - - [21/May/2021:12:14:42 +0000] "GET /css/header.css HTTP/1.1" 404 153 "http://localhost:200/" "Mozilla/5.0 (Windows NT 10.0; Win64; x64) AppleWebKit/537.36 (KHTML, like Gecko) Chrome/90.0.4430.212 Safari/537.36"
::1 - - [21/May/2021:12:14:42 +0000] "GET /css/home.css HTTP/1.1" 404 151 "http://localhost:200/" "Mozilla/5.0 (Windows NT 10.0; Win64; x64) AppleWebKit/537.36 (KHTML, like Gecko) Chrome/90.0.4430.212 Safari/537.36"
::1 - - [21/May/2021:12:14:42 +0000] "GET /css/footer.css HTTP/1.1" 404 153 "http://localhost:200/" "Mozilla/5.0 (Windows NT 10.0; Win64; x64) AppleWebKit/537.36 (KHTML, like Gecko) Chrome/90.0.4430.212 Safari/537.36"
::1 - - [21/May/2021:12:14:49 +0000] "GET / HTTP/1.1" 304 - "-" "Mozilla/5.0 (Linux; Android 6.0; Nexus 5 Build/MRA58N) AppleWebKit/537.36 (KHTML, like Gecko) Chrome/90.0.4430.212 Mobile Safari/537.36"
::1 - - [21/May/2021:12:14:50 +0000] "GET /css/layout.css HTTP/1.1" 404 153 "http://localhost:200/" "Mozilla/5.0 (Linux; Android 6.0; Nexus 5 Build/MRA58N) AppleWebKit/537.36 (KHTML, like Gecko) Chrome/90.0.4430.212 Mobile Safari/537.36"
::1 - - [21/May/2021:12:14:50 +0000] "GET /css/header.css HTTP/1.1" 404 153 "http://localhost:200/" "Mozilla/5.0 (Linux; Android 6.0; Nexus 5 Build/MRA58N) AppleWebKit/537.36 (KHTML, like Gecko) Chrome/90.0.4430.212 Mobile Safari/537.36"
::1 - - [21/May/2021:12:14:50 +0000] "GET /css/footer.css HTTP/1.1" 404 153 "http://localhost:200/" "Mozilla/5.0 (Linux; Android 6.0; Nexus 5 Build/MRA58N) AppleWebKit/537.36 (KHTML, like Gecko) Chrome/90.0.4430.212 Mobile Safari/537.36"
::1 - - [21/May/2021:12:14:50 +0000] "GET /css/home.css HTTP/1.1" 404 151 "http://localhost:200/" "Mozilla/5.0 (Linux; Android 6.0; Nexus 5 Build/MRA58N) AppleWebKit/537.36 (KHTML, like Gecko) Chrome/90.0.4430.212 Mobile Safari/537.36"
::1 - - [21/May/2021:12:14:50 +0000] "GET /js/chatEngine.js HTTP/1.1" 404 155 "http://localhost:200/" "Mozilla/5.0 (Linux; Android 6.0; Nexus 5 Build/MRA58N) AppleWebKit/537.36 (KHTML, like Gecko) Chrome/90.0.4430.212 Mobile Safari/537.36"
::1 - - [21/May/2021:12:14:50 +0000] "GET /js/scriptOne.js HTTP/1.1" 404 154 "http://localhost:200/" "Mozilla/5.0 (Linux; Android 6.0; Nexus 5 Build/MRA58N) AppleWebKit/537.36 (KHTML, like Gecko) Chrome/90.0.4430.212 Mobile Safari/537.36"
::1 - - [21/May/2021:12:14:50 +0000] "GET /css/home.css HTTP/1.1" 404 151 "http://localhost:200/" "Mozilla/5.0 (Linux; Android 6.0; Nexus 5 Build/MRA58N) AppleWebKit/537.36 (KHTML, like Gecko) Chrome/90.0.4430.212 Mobile Safari/537.36"
::1 - - [21/May/2021:12:14:50 +0000] "GET /js/chatEngine.js HTTP/1.1" 404 155 "http://localhost:200/" "Mozilla/5.0 (Linux; Android 6.0; Nexus 5 Build/MRA58N) AppleWebKit/537.36 (KHTML, like Gecko) Chrome/90.0.4430.212 Mobile Safari/537.36"
::1 - - [21/May/2021:12:14:50 +0000] "GET /js/scriptOne.js HTTP/1.1" 404 154 "http://localhost:200/" "Mozilla/5.0 (Linux; Android 6.0; Nexus 5 Build/MRA58N) AppleWebKit/537.36 (KHTML, like Gecko) Chrome/90.0.4430.212 Mobile Safari/537.36"
[0mGET / [32m200[0m 104.189 ms - 11777[0m
::1 - - [21/May/2021:12:35:01 +0000] "GET / HTTP/1.1" 200 4172 "-" "Mozilla/5.0 (Windows NT 10.0; Win64; x64) AppleWebKit/537.36 (KHTML, like Gecko) Chrome/90.0.4430.212 Safari/537.36"
::1 - - [21/May/2021:12:35:01 +0000] "GET /css/layout.css HTTP/1.1" 404 153 "http://localhost:200/" "Mozilla/5.0 (Windows NT 10.0; Win64; x64) AppleWebKit/537.36 (KHTML, like Gecko) Chrome/90.0.4430.212 Safari/537.36"
::1 - - [21/May/2021:12:35:01 +0000] "GET /css/header.css HTTP/1.1" 404 153 "http://localhost:200/" "Mozilla/5.0 (Windows NT 10.0; Win64; x64) AppleWebKit/537.36 (KHTML, like Gecko) Chrome/90.0.4430.212 Safari/537.36"
::1 - - [21/May/2021:12:35:01 +0000] "GET /js/chatEngine.js HTTP/1.1" 404 155 "http://localhost:200/" "Mozilla/5.0 (Windows NT 10.0; Win64; x64) AppleWebKit/537.36 (KHTML, like Gecko) Chrome/90.0.4430.212 Safari/537.36"
::1 - - [21/May/2021:12:35:01 +0000] "GET /css/footer.css HTTP/1.1" 404 153 "http://localhost:200/" "Mozilla/5.0 (Windows NT 10.0; Win64; x64) AppleWebKit/537.36 (KHTML, like Gecko) Chrome/90.0.4430.212 Safari/537.36"
::1 - - [21/May/2021:12:35:01 +0000] "GET /js/scriptOne.js HTTP/1.1" 404 154 "http://localhost:200/" "Mozilla/5.0 (Windows NT 10.0; Win64; x64) AppleWebKit/537.36 (KHTML, like Gecko) Chrome/90.0.4430.212 Safari/537.36"
::1 - - [21/May/2021:12:35:01 +0000] "GET /css/home.css HTTP/1.1" 404 151 "http://localhost:200/" "Mozilla/5.0 (Windows NT 10.0; Win64; x64) AppleWebKit/537.36 (KHTML, like Gecko) Chrome/90.0.4430.212 Safari/537.36"
::1 - - [21/May/2021:12:35:01 +0000] "GET /css/home.css HTTP/1.1" 404 151 "http://localhost:200/" "Mozilla/5.0 (Windows NT 10.0; Win64; x64) AppleWebKit/537.36 (KHTML, like Gecko) Chrome/90.0.4430.212 Safari/537.36"
::1 - - [21/May/2021:12:35:01 +0000] "GET /js/chatEngine.js HTTP/1.1" 404 155 "http://localhost:200/" "Mozilla/5.0 (Windows NT 10.0; Win64; x64) AppleWebKit/537.36 (KHTML, like Gecko) Chrome/90.0.4430.212 Safari/537.36"
::1 - - [21/May/2021:12:35:01 +0000] "GET /js/scriptOne.js HTTP/1.1" 404 154 "http://localhost:200/" "Mozilla/5.0 (Windows NT 10.0; Win64; x64) AppleWebKit/537.36 (KHTML, like Gecko) Chrome/90.0.4430.212 Safari/537.36"
::1 - - [21/May/2021:12:35:04 +0000] "GET /css/layout.css HTTP/1.1" 404 153 "http://localhost:200/" "Mozilla/5.0 (Windows NT 10.0; Win64; x64) AppleWebKit/537.36 (KHTML, like Gecko) Chrome/90.0.4430.212 Safari/537.36"
::1 - - [21/May/2021:12:35:04 +0000] "GET /css/header.css HTTP/1.1" 404 153 "http://localhost:200/" "Mozilla/5.0 (Windows NT 10.0; Win64; x64) AppleWebKit/537.36 (KHTML, like Gecko) Chrome/90.0.4430.212 Safari/537.36"
::1 - - [21/May/2021:12:35:04 +0000] "GET /css/footer.css HTTP/1.1" 404 153 "http://localhost:200/" "Mozilla/5.0 (Windows NT 10.0; Win64; x64) AppleWebKit/537.36 (KHTML, like Gecko) Chrome/90.0.4430.212 Safari/537.36"
::1 - - [21/May/2021:12:35:04 +0000] "GET /css/home.css HTTP/1.1" 404 151 "http://localhost:200/" "Mozilla/5.0 (Windows NT 10.0; Win64; x64) AppleWebKit/537.36 (KHTML, like Gecko) Chrome/90.0.4430.212 Safari/537.36"
::1 - - [21/May/2021:12:35:10 +0000] "GET / HTTP/1.1" 304 - "-" "Mozilla/5.0 (Linux; Android 6.0; Nexus 5 Build/MRA58N) AppleWebKit/537.36 (KHTML, like Gecko) Chrome/90.0.4430.212 Mobile Safari/537.36"
::1 - - [21/May/2021:12:35:10 +0000] "GET /css/layout.css HTTP/1.1" 404 153 "http://localhost:200/" "Mozilla/5.0 (Linux; Android 6.0; Nexus 5 Build/MRA58N) AppleWebKit/537.36 (KHTML, like Gecko) Chrome/90.0.4430.212 Mobile Safari/537.36"
::1 - - [21/May/2021:12:35:10 +0000] "GET /css/header.css HTTP/1.1" 404 153 "http://localhost:200/" "Mozilla/5.0 (Linux; Android 6.0; Nexus 5 Build/MRA58N) AppleWebKit/537.36 (KHTML, like Gecko) Chrome/90.0.4430.212 Mobile Safari/537.36"
::1 - - [21/May/2021:12:35:10 +0000] "GET /css/footer.css HTTP/1.1" 404 153 "http://localhost:200/" "Mozilla/5.0 (Linux; Android 6.0; Nexus 5 Build/MRA58N) AppleWebKit/537.36 (KHTML, like Gecko) Chrome/90.0.4430.212 Mobile Safari/537.36"
::1 - - [21/May/2021:12:35:10 +0000] "GET /css/home.css HTTP/1.1" 404 151 "http://localhost:200/" "Mozilla/5.0 (Linux; Android 6.0; Nexus 5 Build/MRA58N) AppleWebKit/537.36 (KHTML, like Gecko) Chrome/90.0.4430.212 Mobile Safari/537.36"
::1 - - [21/May/2021:12:35:10 +0000] "GET /js/chatEngine.js HTTP/1.1" 404 155 "http://localhost:200/" "Mozilla/5.0 (Linux; Android 6.0; Nexus 5 Build/MRA58N) AppleWebKit/537.36 (KHTML, like Gecko) Chrome/90.0.4430.212 Mobile Safari/537.36"
::1 - - [21/May/2021:12:35:10 +0000] "GET /js/scriptOne.js HTTP/1.1" 404 154 "http://localhost:200/" "Mozilla/5.0 (Linux; Android 6.0; Nexus 5 Build/MRA58N) AppleWebKit/537.36 (KHTML, like Gecko) Chrome/90.0.4430.212 Mobile Safari/537.36"
::1 - - [21/May/2021:12:35:10 +0000] "GET /css/home.css HTTP/1.1" 404 151 "http://localhost:200/" "Mozilla/5.0 (Linux; Android 6.0; Nexus 5 Build/MRA58N) AppleWebKit/537.36 (KHTML, like Gecko) Chrome/90.0.4430.212 Mobile Safari/537.36"
::1 - - [21/May/2021:12:35:10 +0000] "GET /js/chatEngine.js HTTP/1.1" 404 155 "http://localhost:200/" "Mozilla/5.0 (Linux; Android 6.0; Nexus 5 Build/MRA58N) AppleWebKit/537.36 (KHTML, like Gecko) Chrome/90.0.4430.212 Mobile Safari/537.36"
::1 - - [21/May/2021:12:35:10 +0000] "GET /js/scriptOne.js HTTP/1.1" 404 154 "http://localhost:200/" "Mozilla/5.0 (Linux; Android 6.0; Nexus 5 Build/MRA58N) AppleWebKit/537.36 (KHTML, like Gecko) Chrome/90.0.4430.212 Mobile Safari/537.36"
::1 - - [21/May/2021:13:00:17 +0000] "GET / HTTP/1.1" 304 - "-" "Mozilla/5.0 (Windows NT 10.0; Win64; x64) AppleWebKit/537.36 (KHTML, like Gecko) Chrome/90.0.4430.212 Safari/537.36"
::1 - - [21/May/2021:13:00:18 +0000] "GET /css/layout.css HTTP/1.1" 404 153 "http://localhost:200/" "Mozilla/5.0 (Windows NT 10.0; Win64; x64) AppleWebKit/537.36 (KHTML, like Gecko) Chrome/90.0.4430.212 Safari/537.36"
::1 - - [21/May/2021:13:00:18 +0000] "GET /css/home.css HTTP/1.1" 404 151 "http://localhost:200/" "Mozilla/5.0 (Windows NT 10.0; Win64; x64) AppleWebKit/537.36 (KHTML, like Gecko) Chrome/90.0.4430.212 Safari/537.36"
::1 - - [21/May/2021:13:00:18 +0000] "GET /js/scriptOne.js HTTP/1.1" 404 154 "http://localhost:200/" "Mozilla/5.0 (Windows NT 10.0; Win64; x64) AppleWebKit/537.36 (KHTML, like Gecko) Chrome/90.0.4430.212 Safari/537.36"
::1 - - [21/May/2021:13:00:18 +0000] "GET /css/header.css HTTP/1.1" 404 153 "http://localhost:200/" "Mozilla/5.0 (Windows NT 10.0; Win64; x64) AppleWebKit/537.36 (KHTML, like Gecko) Chrome/90.0.4430.212 Safari/537.36"
::1 - - [21/May/2021:13:00:18 +0000] "GET /js/chatEngine.js HTTP/1.1" 404 155 "http://localhost:200/" "Mozilla/5.0 (Windows NT 10.0; Win64; x64) AppleWebKit/537.36 (KHTML, like Gecko) Chrome/90.0.4430.212 Safari/537.36"
::1 - - [21/May/2021:13:00:18 +0000] "GET /css/layout.css HTTP/1.1" 404 153 "http://localhost:200/" "Mozilla/5.0 (Windows NT 10.0; Win64; x64) AppleWebKit/537.36 (KHTML, like Gecko) Chrome/90.0.4430.212 Safari/537.36"
::1 - - [21/May/2021:13:00:18 +0000] "GET /css/footer.css HTTP/1.1" 404 153 "http://localhost:200/" "Mozilla/5.0 (Windows NT 10.0; Win64; x64) AppleWebKit/537.36 (KHTML, like Gecko) Chrome/90.0.4430.212 Safari/537.36"
::1 - - [21/May/2021:13:00:18 +0000] "GET /css/home.css HTTP/1.1" 404 151 "http://localhost:200/" "Mozilla/5.0 (Windows NT 10.0; Win64; x64) AppleWebKit/537.36 (KHTML, like Gecko) Chrome/90.0.4430.212 Safari/537.36"
::1 - - [21/May/2021:13:00:18 +0000] "GET /js/scriptOne.js HTTP/1.1" 404 154 "http://localhost:200/" "Mozilla/5.0 (Windows NT 10.0; Win64; x64) AppleWebKit/537.36 (KHTML, like Gecko) Chrome/90.0.4430.212 Safari/537.36"
::1 - - [21/May/2021:13:00:18 +0000] "GET /js/chatEngine.js HTTP/1.1" 404 155 "http://localhost:200/" "Mozilla/5.0 (Windows NT 10.0; Win64; x64) AppleWebKit/537.36 (KHTML, like Gecko) Chrome/90.0.4430.212 Safari/537.36"
::1 - - [21/May/2021:13:00:18 +0000] "GET /css/header.css HTTP/1.1" 404 153 "http://localhost:200/" "Mozilla/5.0 (Windows NT 10.0; Win64; x64) AppleWebKit/537.36 (KHTML, like Gecko) Chrome/90.0.4430.212 Safari/537.36"
::1 - - [21/May/2021:13:00:18 +0000] "GET /css/footer.css HTTP/1.1" 404 153 "http://localhost:200/" "Mozilla/5.0 (Windows NT 10.0; Win64; x64) AppleWebKit/537.36 (KHTML, like Gecko) Chrome/90.0.4430.212 Safari/537.36"
::1 - - [21/May/2021:13:00:18 +0000] "GET /css/home.css HTTP/1.1" 404 151 "http://localhost:200/" "Mozilla/5.0 (Windows NT 10.0; Win64; x64) AppleWebKit/537.36 (KHTML, like Gecko) Chrome/90.0.4430.212 Safari/537.36"
::1 - - [21/May/2021:13:00:18 +0000] "GET /js/chatEngine.js HTTP/1.1" 404 155 "http://localhost:200/" "Mozilla/5.0 (Windows NT 10.0; Win64; x64) AppleWebKit/537.36 (KHTML, like Gecko) Chrome/90.0.4430.212 Safari/537.36"
::1 - - [21/May/2021:13:00:18 +0000] "GET /js/scriptOne.js HTTP/1.1" 404 154 "http://localhost:200/" "Mozilla/5.0 (Windows NT 10.0; Win64; x64) AppleWebKit/537.36 (KHTML, like Gecko) Chrome/90.0.4430.212 Safari/537.36"
::1 - - [21/May/2021:13:18:52 +0000] "GET / HTTP/1.1" 200 4236 "-" "Mozilla/5.0 (Windows NT 10.0; Win64; x64) AppleWebKit/537.36 (KHTML, like Gecko) Chrome/90.0.4430.212 Safari/537.36"
::1 - - [21/May/2021:13:25:35 +0000] "GET / HTTP/1.1" 304 - "-" "Mozilla/5.0 (Windows NT 10.0; Win64; x64) AppleWebKit/537.36 (KHTML, like Gecko) Chrome/90.0.4430.212 Safari/537.36"
::1 - - [21/May/2021:13:25:37 +0000] "GET /users/signIn HTTP/1.1" 200 4025 "http://localhost:200/" "Mozilla/5.0 (Windows NT 10.0; Win64; x64) AppleWebKit/537.36 (KHTML, like Gecko) Chrome/90.0.4430.212 Safari/537.36"
::1 - - [21/May/2021:13:25:40 +0000] "POST /users/signIn/create-session HTTP/1.1" 302 70 "http://localhost:200/users/signIn" "Mozilla/5.0 (Windows NT 10.0; Win64; x64) AppleWebKit/537.36 (KHTML, like Gecko) Chrome/90.0.4430.212 Safari/537.36"
::1 - - [21/May/2021:13:25:40 +0000] "GET /users/signIn HTTP/1.1" 200 4300 "http://localhost:200/users/signIn" "Mozilla/5.0 (Windows NT 10.0; Win64; x64) AppleWebKit/537.36 (KHTML, like Gecko) Chrome/90.0.4430.212 Safari/537.36"
::1 - - [21/May/2021:13:25:52 +0000] "POST /users/signIn/create-session HTTP/1.1" 302 70 "http://localhost:200/users/signIn" "Mozilla/5.0 (Windows NT 10.0; Win64; x64) AppleWebKit/537.36 (KHTML, like Gecko) Chrome/90.0.4430.212 Safari/537.36"
::1 - - [21/May/2021:13:25:52 +0000] "GET /users/signIn HTTP/1.1" 304 - "http://localhost:200/users/signIn" "Mozilla/5.0 (Windows NT 10.0; Win64; x64) AppleWebKit/537.36 (KHTML, like Gecko) Chrome/90.0.4430.212 Safari/537.36"
